<?xml version="1.0"?>
<testsuites>
  <testsuite name="PhantomJS 1.9.8 (Mac OS X 0.0.0)" package="" timestamp="2016-07-31T17:58:37" id="0" hostname="Tims-MBP.fritz.box" tests="17" errors="0" failures="0" time="0.067">
    <properties>
      <property name="browser.fullName" value="Mozilla/5.0 (Macintosh; Intel Mac OS X) AppleWebKit/534.34 (KHTML, like Gecko) PhantomJS/1.9.8 Safari/534.34"/>
    </properties>
    <testcase name="should toogle the provider" time="0.016" classname="PhantomJS 1.9.8 (Mac OS X 0.0.0).SiteCtrl"/>
    <testcase name="local storage mock is working" time="0.005" classname="PhantomJS 1.9.8 (Mac OS X 0.0.0).storageService"/>
    <testcase name="storage service functions exist" time="0.003" classname="PhantomJS 1.9.8 (Mac OS X 0.0.0).storageService"/>
    <testcase name="persists string data to local storage" time="0.007" classname="PhantomJS 1.9.8 (Mac OS X 0.0.0).storageService put"/>
    <testcase name="persists bool data to local storage" time="0.002" classname="PhantomJS 1.9.8 (Mac OS X 0.0.0).storageService put"/>
    <testcase name="persists integer data to local storage" time="0.003" classname="PhantomJS 1.9.8 (Mac OS X 0.0.0).storageService put"/>
    <testcase name="persists float data to local storage" time="0.002" classname="PhantomJS 1.9.8 (Mac OS X 0.0.0).storageService put"/>
    <testcase name="persists object data to local storage" time="0.002" classname="PhantomJS 1.9.8 (Mac OS X 0.0.0).storageService put"/>
    <testcase name="retrieves string data as string from local storage" time="0.004" classname="PhantomJS 1.9.8 (Mac OS X 0.0.0).storageService get"/>
    <testcase name="retrieves bool data as bool from local storage" time="0.002" classname="PhantomJS 1.9.8 (Mac OS X 0.0.0).storageService get"/>
    <testcase name="retrieves integer data as integer from local storage" time="0.006" classname="PhantomJS 1.9.8 (Mac OS X 0.0.0).storageService get"/>
    <testcase name="retrieves float data as float from local storage" time="0.002" classname="PhantomJS 1.9.8 (Mac OS X 0.0.0).storageService get"/>
    <testcase name="retrieves object data as object from local storage" time="0.003" classname="PhantomJS 1.9.8 (Mac OS X 0.0.0).storageService get"/>
    <testcase name="retrieves default value on missing key" time="0.002" classname="PhantomJS 1.9.8 (Mac OS X 0.0.0).storageService get"/>
    <testcase name="removes the key/value from local storage" time="0.003" classname="PhantomJS 1.9.8 (Mac OS X 0.0.0).storageService remove"/>
    <testcase name="detectes removed key/values when removed externally" time="0.002" classname="PhantomJS 1.9.8 (Mac OS X 0.0.0).storageService remove"/>
    <testcase name="clears all keys from local storage" time="0.003" classname="PhantomJS 1.9.8 (Mac OS X 0.0.0).storageService clear"/>
    <system-out><![CDATA[
]]></system-out>
    <system-err/>
  </testsuite>
</testsuites>
